CRITICAL - 2024-01-25 10:52:35 --> Call to a member function fetchProjectDetails() on null
#0 C:\xampp\htdocs\equip9assignment\admin\app\Views\index\index.php(1): include()
#1 C:\xampp\htdocs\equip9assignment\admin\system\View\View.php(214): include('C:\\xampp\\htdocs...')
#2 C:\xampp\htdocs\equip9assignment\admin\system\View\View.php(217): CodeIgniter\View\View->CodeIgniter\View\{closure}()
#3 C:\xampp\htdocs\equip9assignment\admin\system\Common.php(1092): CodeIgniter\View\View->render('index/index', Array, true)
#4 C:\xampp\htdocs\equip9assignment\admin\app\Controllers\Index.php(23): view('index/index')
#5 C:\xampp\htdocs\equip9assignment\admin\system\CodeIgniter.php(802): App\Controllers\Index->index()
#6 C:\xampp\htdocs\equip9assignment\admin\system\CodeIgniter.php(399): CodeIgniter\CodeIgniter->runController(Object(App\Controllers\Index))
#7 C:\xampp\htdocs\equip9assignment\admin\system\CodeIgniter.php(317): CodeIgniter\CodeIgniter->handleRequest(NULL, Object(Config\Cache), false)
#8 C:\xampp\htdocs\equip9assignment\admin\index.php(43): CodeIgniter\CodeIgniter->run()
#9 {main}
CRITICAL - 2024-01-25 10:52:52 --> Invalid argument supplied for foreach()
#0 C:\xampp\htdocs\equip9assignment\admin\app\Views\index\index.php(14): CodeIgniter\Debug\Exceptions->errorHandler(2, 'Invalid argumen...', 'C:\\xampp\\htdocs...', 14, Array)
#1 C:\xampp\htdocs\equip9assignment\admin\system\View\View.php(214): include('C:\\xampp\\htdocs...')
#2 C:\xampp\htdocs\equip9assignment\admin\system\View\View.php(217): CodeIgniter\View\View->CodeIgniter\View\{closure}()
#3 C:\xampp\htdocs\equip9assignment\admin\system\Common.php(1092): CodeIgniter\View\View->render('index/index', Array, true)
#4 C:\xampp\htdocs\equip9assignment\admin\app\Controllers\Index.php(23): view('index/index', Array)
#5 C:\xampp\htdocs\equip9assignment\admin\system\CodeIgniter.php(802): App\Controllers\Index->index()
#6 C:\xampp\htdocs\equip9assignment\admin\system\CodeIgniter.php(399): CodeIgniter\CodeIgniter->runController(Object(App\Controllers\Index))
#7 C:\xampp\htdocs\equip9assignment\admin\system\CodeIgniter.php(317): CodeIgniter\CodeIgniter->handleRequest(NULL, Object(Config\Cache), false)
#8 C:\xampp\htdocs\equip9assignment\admin\index.php(43): CodeIgniter\CodeIgniter->run()
#9 {main}
CRITICAL - 2024-01-25 11:10:33 --> Use of undefined constant TBL_MASTER_SETTINGS - assumed 'TBL_MASTER_SETTINGS' (this will throw an Error in a future version of PHP)
#0 C:\xampp\htdocs\equip9assignment\admin\app\Core\MyController.php(244): CodeIgniter\Debug\Exceptions->errorHandler(2, 'Use of undefine...', 'C:\\xampp\\htdocs...', 244, Array)
#1 C:\xampp\htdocs\equip9assignment\admin\public\includes\header.php(52): App\Core\MyController->fetchProjectDetails()
#2 C:\xampp\htdocs\equip9assignment\admin\app\Views\index\index.php(1): include('C:\\xampp\\htdocs...')
#3 C:\xampp\htdocs\equip9assignment\admin\system\View\View.php(214): include('C:\\xampp\\htdocs...')
#4 C:\xampp\htdocs\equip9assignment\admin\system\View\View.php(217): CodeIgniter\View\View->CodeIgniter\View\{closure}()
#5 C:\xampp\htdocs\equip9assignment\admin\system\Common.php(1092): CodeIgniter\View\View->render('index/index', Array, true)
#6 C:\xampp\htdocs\equip9assignment\admin\app\Controllers\Index.php(22): view('index/index', Array)
#7 C:\xampp\htdocs\equip9assignment\admin\system\CodeIgniter.php(802): App\Controllers\Index->index()
#8 C:\xampp\htdocs\equip9assignment\admin\system\CodeIgniter.php(399): CodeIgniter\CodeIgniter->runController(Object(App\Controllers\Index))
#9 C:\xampp\htdocs\equip9assignment\admin\system\CodeIgniter.php(317): CodeIgniter\CodeIgniter->handleRequest(NULL, Object(Config\Cache), false)
#10 C:\xampp\htdocs\equip9assignment\admin\index.php(43): CodeIgniter\CodeIgniter->run()
#11 {main}
CRITICAL - 2024-01-25 11:19:59 --> Use of undefined constant TBL_MASTER_SETTINGS - assumed 'TBL_MASTER_SETTINGS' (this will throw an Error in a future version of PHP)
#0 C:\xampp\htdocs\equip9assignment\admin\app\Controllers\User.php(24): CodeIgniter\Debug\Exceptions->errorHandler(2, 'Use of undefine...', 'C:\\xampp\\htdocs...', 24, Array)
#1 C:\xampp\htdocs\equip9assignment\admin\system\CodeIgniter.php(802): App\Controllers\User->fetch_lat_long()
#2 C:\xampp\htdocs\equip9assignment\admin\system\CodeIgniter.php(399): CodeIgniter\CodeIgniter->runController(Object(App\Controllers\User))
#3 C:\xampp\htdocs\equip9assignment\admin\system\CodeIgniter.php(317): CodeIgniter\CodeIgniter->handleRequest(NULL, Object(Config\Cache), false)
#4 C:\xampp\htdocs\equip9assignment\admin\index.php(43): CodeIgniter\CodeIgniter->run()
#5 {main}
CRITICAL - 2024-01-25 12:51:22 --> Invalid file: index/calulate_distance.php
#0 C:\xampp\htdocs\equip9assignment\admin\system\View\View.php(198): CodeIgniter\Exceptions\FrameworkException::forInvalidFile('index/calulate_...')
#1 C:\xampp\htdocs\equip9assignment\admin\system\Common.php(1092): CodeIgniter\View\View->render('index/calulate_...', Array, true)
#2 C:\xampp\htdocs\equip9assignment\admin\app\Controllers\User.php(102): view('index/calulate_...')
#3 C:\xampp\htdocs\equip9assignment\admin\system\CodeIgniter.php(802): App\Controllers\User->calulate_distance()
#4 C:\xampp\htdocs\equip9assignment\admin\system\CodeIgniter.php(399): CodeIgniter\CodeIgniter->runController(Object(App\Controllers\User))
#5 C:\xampp\htdocs\equip9assignment\admin\system\CodeIgniter.php(317): CodeIgniter\CodeIgniter->handleRequest(NULL, Object(Config\Cache), false)
#6 C:\xampp\htdocs\equip9assignment\admin\index.php(43): CodeIgniter\CodeIgniter->run()
#7 {main}
